{"numTotalTestSuites":2,"numPassedTestSuites":0,"numFailedTestSuites":2,"numPendingTestSuites":0,"numTotalTests":1,"numPassedTests":0,"numFailedTests":1,"numPendingTests":0,"numTodoTests":0,"snapshot":{"added":0,"failure":false,"filesAdded":0,"filesRemoved":0,"filesRemovedList":[],"filesUnmatched":0,"filesUpdated":0,"matched":0,"total":0,"unchecked":0,"uncheckedKeysByFile":[],"unmatched":0,"updated":0,"didUpdate":false},"startTime":1771578319657,"success":false,"testResults":[{"assertionResults":[{"ancestorTitles":["PipelineRunner"],"fullName":"PipelineRunner runs nodes sequentially based on on_success and resolves variables","status":"failed","title":"runs nodes sequentially based on on_success and resolves variables","duration":17.11559999999986,"failureMessages":["AssertionError: expected 'hello ' to be 'hello kamp' // Object.is equality\n    at C:/boembo2/src/core/engine/__tests__/PipelineRunner.test.ts:44:31\n    at processTicksAndRejections (node:internal/process/task_queues:104:5)\n    at file:///C:/boembo2/node_modules/@vitest/runner/dist/index.js:915:20"],"meta":{}}],"startTime":1771578321208,"endTime":1771578321225.1155,"status":"failed","message":"","name":"C:/boembo2/src/core/engine/__tests__/PipelineRunner.test.ts"}]}
